<?xml version="1.0" encoding="UTF-8"?>
<testng-results skipped="0" failed="0" total="0" passed="0">
  <reporter-output>
  </reporter-output>
  <suite name="TestScripts.TestRestClient" duration-ms="2" started-at="2018-07-30T03:17:48Z" finished-at="2018-07-30T03:17:48Z">
    <groups>
    </groups>
    <test name="Command line test" duration-ms="2" started-at="2018-07-30T03:17:48Z" finished-at="2018-07-30T03:17:48Z">
    </test> <!-- Command line test -->
  </suite> <!-- TestScripts.TestRestClient -->
</testng-results>
